<!-- 
RSS generated by JIRA (9.12.27#9120027-sha1:edc4490121e366e9e7bd2213d532dbe7e028fc5d) at Tue Sep 30 12:26:28 UTC 2025

It is possible to restrict the fields that are returned in this document by specifying the 'field' parameter in your request.
For example, to request only the issue key and summary append 'field=key&field=summary' to the URL of your request.
-->
<rss version="0.92" >
<channel>
    <title>Java Bug System</title>
    <link>https://bugs.openjdk.org</link>
    <description>This file is an XML representation of an issue</description>
    <language>en-us</language>    <build-info>
        <version>9.12.27</version>
        <build-number>9120027</build-number>
        <build-date>02-09-2025</build-date>
    </build-info>


<item>
            <title>[JDK-8307778] com/sun/jdi/cds tests fail with jtreg&apos;s Virtual test thread factory</title>
                <link>https://bugs.openjdk.org/browse/JDK-8307778</link>
                <project id="10100" key="JDK">JDK</project>
                    <description>Tests&lt;br/&gt;
com/sun/jdi/cds/CDSBreakpointTest.java&lt;br/&gt;
com/sun/jdi/cds/CDSDeleteAllBkptsTest.java&lt;br/&gt;
com/sun/jdi/cds/CDSFieldWatchpoints.java&lt;br/&gt;
&lt;br/&gt;
use custom class paths and archives and fail when run with thread test factory with&lt;br/&gt;
STDOUT]&lt;br/&gt;
[0.025s][info][cds] Core region alignment: 4096&lt;br/&gt;
[0.124s][info][cds] JVM_StartThread() ignored: java.lang.ref.Reference$ReferenceHandler&lt;br/&gt;
[0.124s][info][cds] JVM_StartThread() ignored: java.lang.ref.Finalizer$FinalizerThread&lt;br/&gt;
[0.217s][info][cds] Loading classes to share ...&lt;br/&gt;
[0.217s][info][cds] Parsing /opt/mach5/mesos/work_dir/jib-master/install/2023-05-09-1507110.leonid.mesnik.jdk-8307370/linux-x64-debug.jdk/jdk-21/fastdebug/lib/classlist&lt;br/&gt;
[0.466s][info][cds] JVM_StartThread() ignored: jdk.internal.misc.InnocuousThread&lt;br/&gt;
[0.620s][info][cds] Parsing /opt/mach5/mesos/work_dir/slaves/741e9afd-8c02-45c3-b2e2-9db1450d0832-S100219/frameworks/1735e8a2-a1db-478c-8104-60c8b0af87dd-0196/executors/8730736e-e63b-46bd-b823-38a95898fe6f/runs/f4a94cdb-5610-43f7-8824-82ac29fb72f6/testoutput/test-support/jtreg_open_test_jdk_jdk_jdi/classes/3/com/sun/jdi/cds/CDSBreakpointTest.d/CDSBreakpointTest-test.classlist&lt;br/&gt;
[0.623s][info][cds] Loading classes to share: done.&lt;br/&gt;
[0.623s][info][cds] Shared spaces: preloaded 1342 classes&lt;br/&gt;
[0.624s][info][cds] Rewriting and linking classes ...&lt;br/&gt;
[0.625s][info][cds] Regenerate MethodHandle Holder classes...&lt;br/&gt;
[0.997s][info][cds] Regenerate MethodHandle Holder classes...done&lt;br/&gt;
[1.048s][info][cds] Rewriting and linking classes: done&lt;br/&gt;
[1.048s][info][cds] allocated string table for 7860 strings&lt;br/&gt;
[1.048s][info][cds] string table array (single level) length = 7860&lt;br/&gt;
[1.283s][info][cds] Gathering all archivable objects ... &lt;br/&gt;
[1.283s][info][cds] Gathering classes and symbols ... &lt;br/&gt;
[1.435s][info][cds] Sorting symbols and fixing identity hash ... &lt;br/&gt;
[1.439s][info][cds] Sorting classes ... &lt;br/&gt;
[1.713s][info][cds] _estimated_hashtable_bytes = 387680 + 39680 = 427360&lt;br/&gt;
[1.714s][info][cds] _estimated_metaspaceobj_bytes = 222902144&lt;br/&gt;
[1.714s][info][cds] total estimate bytes = 223337696&lt;br/&gt;
[1.714s][info][cds] Reserved output buffer space at 0x00007f8e16b02000 [223338496 bytes]&lt;br/&gt;
[1.714s][info][cds] Allocating RW objects ... &lt;br/&gt;
[1.735s][info][cds] done (28806 objects)&lt;br/&gt;
[1.736s][info][cds] Allocating RO objects ... &lt;br/&gt;
[1.810s][info][cds] done (82604 objects)&lt;br/&gt;
[1.811s][info][cds] Relocating embedded pointers in core regions ... &lt;br/&gt;
[1.917s][info][cds] Heap range = [0x000000064d000000 - 0x00000007c0000000]&lt;br/&gt;
[1.983s][info][cds] Size of heap region = 949888 bytes, 21359 objects, 2240 roots&lt;br/&gt;
[1.992s][info][cds] Relocating external roots ... &lt;br/&gt;
[1.995s][info][cds] done&lt;br/&gt;
[1.995s][info][cds] Dumping symbol table ...&lt;br/&gt;
[2.022s][info][cds] Relocating vmClasses::_klasses[] ... &lt;br/&gt;
[2.023s][info][cds] Make classes shareable&lt;br/&gt;
[2.038s][info][cds] Number of classes 1500&lt;br/&gt;
[2.038s][info][cds]     instance classes   =  1386&lt;br/&gt;
[2.038s][info][cds]       boot             =  1386&lt;br/&gt;
[2.038s][info][cds]       app              =     0&lt;br/&gt;
[2.038s][info][cds]       platform         =     0&lt;br/&gt;
[2.038s][info][cds]       unregistered     =     0&lt;br/&gt;
[2.038s][info][cds]       (hidden)         =    71&lt;br/&gt;
[2.038s][info][cds]       (unlinked)       =     0&lt;br/&gt;
[2.038s][info][cds]     obj array classes  =   105&lt;br/&gt;
[2.038s][info][cds]     type array classes =     9&lt;br/&gt;
[2.038s][info][cds]                symbols = 40696&lt;br/&gt;
[2.044s][info][cds] Dumping shared data to file: &lt;br/&gt;
[2.044s][info][cds]    ./SharedArchiveFile.jsa&lt;br/&gt;
[2.049s][info][cds] Shared file region (rw) 0:  5230304 bytes, addr 0x0000000800000000 file offset 0x00001000 crc 0xcafc6c4a&lt;br/&gt;
[2.059s][info][cds] Shared file region (ro) 1:  8459424 bytes, addr 0x00000008004fd000 file offset 0x004fe000 crc 0x8cbe28d9&lt;br/&gt;
[2.063s][info][cds] Shared file region (bm) 2:   255616 bytes, addr 0x0000000000000000 file offset 0x00d10000 crc 0xbe81c4bd&lt;br/&gt;
[2.064s][info][cds] Shared file region (hp) 3:   949888 bytes, addr 0x00000007bfc00000 file offset 0x00d4f000 crc 0x8c5e9581&lt;br/&gt;
&lt;br/&gt;
[STDERR]&lt;br/&gt;
&lt;br/&gt;
[2023-05-09T16:12:27.755191391Z] Waiting for completion for process 432191&lt;br/&gt;
[2023-05-09T16:12:27.755680402Z] Waiting for completion finished for process 432191&lt;br/&gt;
Command line: [/opt/mach5/mesos/work_dir/jib-master/install/2023-05-09-1507110.leonid.mesnik.jdk-8307370/linux-x64-debug.jdk/jdk-21/fastdebug/bin/java -cp /opt/mach5/mesos/work_dir/slaves/741e9afd-8c02-45c3-b2e2-9db1450d0832-S100219/frameworks/1735e8a2-a1db-478c-8104-60c8b0af87dd-0196/executors/8730736e-e63b-46bd-b823-38a95898fe6f/runs/f4a94cdb-5610-43f7-8824-82ac29fb72f6/testoutput/test-support/jtreg_open_test_jdk_jdk_jdi/classes/3/com/sun/jdi/cds/CDSBreakpointTest.d:/opt/mach5/mesos/work_dir/jib-master/install/2023-05-09-1507110.leonid.mesnik.jdk-8307370/src.full/open/test/jdk/com/sun/jdi/cds:/opt/mach5/mesos/work_dir/slaves/741e9afd-8c02-45c3-b2e2-9db1450d0832-S100219/frameworks/1735e8a2-a1db-478c-8104-60c8b0af87dd-0196/executors/8730736e-e63b-46bd-b823-38a95898fe6f/runs/f4a94cdb-5610-43f7-8824-82ac29fb72f6/testoutput/test-support/jtreg_open_test_jdk_jdk_jdi/classes/3/com/sun/jdi:/opt/mach5/mesos/work_dir/slaves/741e9afd-8c02-45c3-b2e2-9db1450d0832-S100219/frameworks/1735e8a2-a1db-478c-8104-60c8b0af87dd-0196/executors/8730736e-e63b-46bd-b823-38a95898fe6f/runs/f4a94cdb-5610-43f7-8824-82ac29fb72f6/testoutput/test-support/jtreg_open_test_jdk_jdk_jdi/classes/3/test/lib:/opt/mach5/mesos/work_dir/jib-master/install/jtreg/7.2/1/bundles/jtreg-7.2+1.zip/jtreg/lib/jtreg.jar:/opt/mach5/mesos/work_dir/jib-master/install/jtreg/7.2/1/bundles/jtreg-7.2+1.zip/jtreg/lib/junit-platform-console-standalone-1.9.2.jar:/opt/mach5/mesos/work_dir/jib-master/install/jtreg/7.2/1/bundles/jtreg-7.2+1.zip/jtreg/lib/testng-7.3.0.jar:/opt/mach5/mesos/work_dir/jib-master/install/jtreg/7.2/1/bundles/jtreg-7.2+1.zip/jtreg/lib/jcommander-1.78.jar:/opt/mach5/mesos/work_dir/jib-master/install/jtreg/7.2/1/bundles/jtreg-7.2+1.zip/jtreg/lib/guice-4.2.3.jar -Xmx768m -XX:MaxRAMPercentage=4.16667 -Dtest.boot.jdk=/opt/mach5/mesos/work_dir/jib-master/install/jdk/20/36/bundles/linux-x64/jdk-20_linux-x64_bin.tar.gz/jdk-20 -Djava.io.tmpdir=/opt/mach5/mesos/work_dir/slaves/741e9afd-8c02-45c3-b2e2-9db1450d0832-S100219/frameworks/1735e8a2-a1db-478c-8104-60c8b0af87dd-0196/executors/8730736e-e63b-46bd-b823-38a95898fe6f/runs/f4a94cdb-5610-43f7-8824-82ac29fb72f6/testoutput/test-support/jtreg_open_test_jdk_jdk_jdi/tmp -ea -esa -Duse.JTREG_TEST_THREAD_FACTORY=Virtual -XX:+UseZGC -XX:-VerifyContinuations -Dtest.classes=/opt/mach5/mesos/work_dir/slaves/741e9afd-8c02-45c3-b2e2-9db1450d0832-S100219/frameworks/1735e8a2-a1db-478c-8104-60c8b0af87dd-0196/executors/8730736e-e63b-46bd-b823-38a95898fe6f/runs/f4a94cdb-5610-43f7-8824-82ac29fb72f6/testoutput/test-support/jtreg_open_test_jdk_jdk_jdi/classes/3/com/sun/jdi/cds/CDSBreakpointTest.d -Dtest.java.opts=-Duse.JTREG_TEST_THREAD_FACTORY=Virtual -XX:+UseZGC -XX:-VerifyContinuations -Dtest.vm.opts=-Xmx768m -XX:MaxRAMPercentage=4.16667 -Dtest.boot.jdk=/opt/mach5/mesos/work_dir/jib-master/install/jdk/20/36/bundles/linux-x64/jdk-20_linux-x64_bin.tar.gz/jdk-20 -Djava.io.tmpdir=/opt/mach5/mesos/work_dir/slaves/741e9afd-8c02-45c3-b2e2-9db1450d0832-S100219/frameworks/1735e8a2-a1db-478c-8104-60c8b0af87dd-0196/executors/8730736e-e63b-46bd-b823-38a95898fe6f/runs/f4a94cdb-5610-43f7-8824-82ac29fb72f6/testoutput/test-support/jtreg_open_test_jdk_jdk_jdi/tmp -ea -esa -showversion -Dmain.wrapper=Virtual jdk.test.lib.process.ProcessTools Virtual BreakpointTest -Xbootclasspath/a:/opt/mach5/mesos/work_dir/slaves/741e9afd-8c02-45c3-b2e2-9db1450d0832-S100219/frameworks/1735e8a2-a1db-478c-8104-60c8b0af87dd-0196/executors/8730736e-e63b-46bd-b823-38a95898fe6f/runs/f4a94cdb-5610-43f7-8824-82ac29fb72f6/testoutput/test-support/jtreg_open_test_jdk_jdk_jdi/classes/3/com/sun/jdi/cds/CDSBreakpointTest.d/BreakpointTest.jar -XX:+UnlockDiagnosticVMOptions -XX:SharedArchiveFile=./SharedArchiveFile.jsa -Xshare:on -showversion ]&lt;br/&gt;
[2023-05-09T16:12:27.769581678Z] Gathering output for process 432324&lt;br/&gt;
[2023-05-09T16:12:29.824311768Z] Waiting for completion for process 432324&lt;br/&gt;
[2023-05-09T16:12:29.824498162Z] Waiting for completion finished for process 432324&lt;br/&gt;
Output and diagnostic info for process 432324 was saved into &amp;#39;pid-432324-output.log&amp;#39;&lt;br/&gt;
[ELAPSED: 2059 ms]&lt;br/&gt;
[STDOUT]&lt;br/&gt;
JVM version:21-internal&lt;br/&gt;
JDI version: 21.0&lt;br/&gt;
JVM description: Java Debug Interface (Reference Implementation) version 21.0 &lt;br/&gt;
Java Debug Wire Protocol (Reference Implementation) version 21.0&lt;br/&gt;
JVM Debug Interface version 21.0&lt;br/&gt;
JVM version 21-internal (Java HotSpot(TM) 64-Bit Server VM, mixed mode, sharing)&lt;br/&gt;
java version &amp;quot;21-internal&amp;quot; 2023-09-19 LTS&lt;br/&gt;
Java(TM) SE Runtime Environment (fastdebug build 21-internal-LTS-2023-05-09-1507110.leonid.mesnik.jdk-8307370)&lt;br/&gt;
Java HotSpot(TM) 64-Bit Server VM (fastdebug build 21-internal-LTS-2023-05-09-1507110.leonid.mesnik.jdk-8307370, mixed mode, sharing)&lt;br/&gt;
Error: Could not find or load main class TestScaffold&lt;br/&gt;
Caused by: java.lang.ClassNotFoundException: TestScaffold&lt;br/&gt;
&lt;br/&gt;
[STDERR]&lt;br/&gt;
java version &amp;quot;21-internal&amp;quot; 2023-09-19 LTS&lt;br/&gt;
Java(TM) SE Runtime Environment (fastdebug build 21-internal-LTS-2023-05-09-1507110.leonid.mesnik.jdk-8307370)&lt;br/&gt;
Java HotSpot(TM) 64-Bit Server VM (fastdebug build 21-internal-LTS-2023-05-09-1507110.leonid.mesnik.jdk-8307370, mixed mode, sharing)&lt;br/&gt;
[2ms] run args: [-Xbootclasspath/a:/opt/mach5/mesos/work_dir/slaves/741e9afd-8c02-45c3-b2e2-9db1450d0832-S100219/frameworks/1735e8a2-a1db-478c-8104-60c8b0af87dd-0196/executors/8730736e-e63b-46bd-b823-38a95898fe6f/runs/f4a94cdb-5610-43f7-8824-82ac29fb72f6/testoutput/test-support/jtreg_open_test_jdk_jdk_jdi/classes/3/com/sun/jdi/cds/CDSBreakpointTest.d/BreakpointTest.jar, -XX:+UnlockDiagnosticVMOptions, -XX:SharedArchiveFile=./SharedArchiveFile.jsa, -Xshare:on, -showversion, BreakpointTarg]&lt;br/&gt;
Exception in thread &amp;quot;main&amp;quot; java.lang.RuntimeException: VM Disconnected before requested event occurred&lt;br/&gt;
	at TestScaffold.waitForRequestedEvent(TestScaffold.java:794)&lt;br/&gt;
	at TestScaffold.resumeToPrepareOf(TestScaffold.java:939)&lt;br/&gt;
	at TestScaffold.resumeTo(TestScaffold.java:908)&lt;br/&gt;
	at TestScaffold.resumeTo(TestScaffold.java:900)&lt;br/&gt;
	at TestScaffold.startTo(TestScaffold.java:380)&lt;br/&gt;
	at TestScaffold.startToMain(TestScaffold.java:372)&lt;br/&gt;
	at BreakpointTest.runTests(BreakpointTest.java:129)&lt;br/&gt;
	at TestScaffold.startTests(TestScaffold.java:434)&lt;br/&gt;
	at BreakpointTest.main(BreakpointTest.java:82)&lt;br/&gt;
	at java.base/jdk.internal.reflect.DirectMethodHandleAccessor.invoke(DirectMethodHandleAccessor.java:103)&lt;br/&gt;
	at java.base/java.lang.reflect.Method.invoke(Method.java:578)&lt;br/&gt;
	at jdk.test.lib.process.ProcessTools.lambda$main$6(ProcessTools.java:901)&lt;br/&gt;
	at java.base/java.lang.VirtualThread.run(VirtualThread.java:311)&lt;br/&gt;
&lt;br/&gt;
[2023-05-09T16:12:29.827279283Z] Waiting for completion for process 432324&lt;br/&gt;
[2023-05-09T16:12:29.827504552Z] Waiting for completion finished for process 432324&lt;br/&gt;
[2023-05-09T16:12:29.827593802Z] Waiting for completion for process 432324&lt;br/&gt;
[2023-05-09T16:12:29.827901437Z] Waiting for completion finished for process 432324&lt;br/&gt;
[2023-05-09T16:12:29.861984787Z] Waiting for completion for process 432324&lt;br/&gt;
[2023-05-09T16:12:29.862119433Z] Waiting for completion finished for process 432324&lt;br/&gt;
[2023-05-09T16:12:29.873181787Z] Waiting for completion for process 432324&lt;br/&gt;
[2023-05-09T16:12:29.873272471Z] Waiting for completion finished for process 432324&lt;br/&gt;
----------System.err:(78/5510)----------&lt;br/&gt;
&amp;nbsp;stdout: [JVM version:21-internal&lt;br/&gt;
JDI version: 21.0&lt;br/&gt;
JVM description: Java Debug Interface (Reference Implementation) version 21.0 &lt;br/&gt;
Java Debug Wire Protocol (Reference Implementation) version 21.0&lt;br/&gt;
JVM Debug Interface version 21.0&lt;br/&gt;
JVM version 21-internal (Java HotSpot(TM) 64-Bit Server VM, mixed mode, sharing)&lt;br/&gt;
java version &amp;quot;21-internal&amp;quot; 2023-09-19 LTS&lt;br/&gt;
Java(TM) SE Runtime Environment (fastdebug build 21-internal-LTS-2023-05-09-1507110.leonid.mesnik.jdk-8307370)&lt;br/&gt;
Java HotSpot(TM) 64-Bit Server VM (fastdebug build 21-internal-LTS-2023-05-09-1507110.leonid.mesnik.jdk-8307370, mixed mode, sharing)&lt;br/&gt;
Error: Could not find or load main class TestScaffold&lt;br/&gt;
Caused by: java.lang.ClassNotFoundException: TestScaffold&lt;br/&gt;
];&lt;br/&gt;
&amp;nbsp;stderr: [java version &amp;quot;21-internal&amp;quot; 2023-09-19 LTS&lt;br/&gt;
Java(TM) SE Runtime Environment (fastdebug build 21-internal-LTS-2023-05-09-1507110.leonid.mesnik.jdk-8307370)&lt;br/&gt;
Java HotSpot(TM) 64-Bit Server VM (fastdebug build 21-internal-LTS-2023-05-09-1507110.leonid.mesnik.jdk-8307370, mixed mode, sharing)&lt;br/&gt;
[2ms] run args: [-Xbootclasspath/a:/opt/mach5/mesos/work_dir/slaves/741e9afd-8c02-45c3-b2e2-9db1450d0832-S100219/frameworks/1735e8a2-a1db-478c-8104-60c8b0af87dd-0196/executors/8730736e-e63b-46bd-b823-38a95898fe6f/runs/f4a94cdb-5610-43f7-8824-82ac29fb72f6/testoutput/test-support/jtreg_open_test_jdk_jdk_jdi/classes/3/com/sun/jdi/cds/CDSBreakpointTest.d/BreakpointTest.jar, -XX:+UnlockDiagnosticVMOptions, -XX:SharedArchiveFile=./SharedArchiveFile.jsa, -Xshare:on, -showversion, BreakpointTarg]&lt;br/&gt;
Exception in thread &amp;quot;main&amp;quot; java.lang.RuntimeException: VM Disconnected before requested event occurred&lt;br/&gt;
	at TestScaffold.waitForRequestedEvent(TestScaffold.java:794)&lt;br/&gt;
	at TestScaffold.resumeToPrepareOf(TestScaffold.java:939)&lt;br/&gt;
	at TestScaffold.resumeTo(TestScaffold.java:908)&lt;br/&gt;
	at TestScaffold.resumeTo(TestScaffold.java:900)&lt;br/&gt;
	at TestScaffold.startTo(TestScaffold.java:380)&lt;br/&gt;
	at TestScaffold.startToMain(TestScaffold.java:372)&lt;br/&gt;
	at BreakpointTest.runTests(BreakpointTest.java:129)&lt;br/&gt;
	at TestScaffold.startTests(TestScaffold.java:434)&lt;br/&gt;
	at BreakpointTest.main(BreakpointTest.java:82)&lt;br/&gt;
	at java.base/jdk.internal.reflect.DirectMethodHandleAccessor.invoke(DirectMethodHandleAccessor.java:103)&lt;br/&gt;
	at java.base/java.lang.reflect.Method.invoke(Method.java:578)&lt;br/&gt;
	at jdk.test.lib.process.ProcessTools.lambda$main$6(ProcessTools.java:901)&lt;br/&gt;
	at java.base/java.lang.VirtualThread.run(VirtualThread.java:311)&lt;br/&gt;
]&lt;br/&gt;
&amp;nbsp;exitValue = 1&lt;br/&gt;
&lt;br/&gt;
&amp;nbsp;stdout: [JVM version:21-internal&lt;br/&gt;
JDI version: 21.0&lt;br/&gt;
JVM description: Java Debug Interface (Reference Implementation) version 21.0 &lt;br/&gt;
Java Debug Wire Protocol (Reference Implementation) version 21.0&lt;br/&gt;
JVM Debug Interface version 21.0&lt;br/&gt;
JVM version 21-internal (Java HotSpot(TM) 64-Bit Server VM, mixed mode, sharing)&lt;br/&gt;
java version &amp;quot;21-internal&amp;quot; 2023-09-19 LTS&lt;br/&gt;
Java(TM) SE Runtime Environment (fastdebug build 21-internal-LTS-2023-05-09-1507110.leonid.mesnik.jdk-8307370)&lt;br/&gt;
Java HotSpot(TM) 64-Bit Server VM (fastdebug build 21-internal-LTS-2023-05-09-1507110.leonid.mesnik.jdk-8307370, mixed mode, sharing)&lt;br/&gt;
Error: Could not find or load main class TestScaffold&lt;br/&gt;
Caused by: java.lang.ClassNotFoundException: TestScaffold&lt;br/&gt;
];&lt;br/&gt;
&amp;nbsp;stderr: [java version &amp;quot;21-internal&amp;quot; 2023-09-19 LTS&lt;br/&gt;
Java(TM) SE Runtime Environment (fastdebug build 21-internal-LTS-2023-05-09-1507110.leonid.mesnik.jdk-8307370)&lt;br/&gt;
Java HotSpot(TM) 64-Bit Server VM (fastdebug build 21-internal-LTS-2023-05-09-1507110.leonid.mesnik.jdk-8307370, mixed mode, sharing)&lt;br/&gt;
[2ms] run args: [-Xbootclasspath/a:/opt/mach5/mesos/work_dir/slaves/741e9afd-8c02-45c3-b2e2-9db1450d0832-S100219/frameworks/1735e8a2-a1db-478c-8104-60c8b0af87dd-0196/executors/8730736e-e63b-46bd-b823-38a95898fe6f/runs/f4a94cdb-5610-43f7-8824-82ac29fb72f6/testoutput/test-support/jtreg_open_test_jdk_jdk_jdi/classes/3/com/sun/jdi/cds/CDSBreakpointTest.d/BreakpointTest.jar, -XX:+UnlockDiagnosticVMOptions, -XX:SharedArchiveFile=./SharedArchiveFile.jsa, -Xshare:on, -showversion, BreakpointTarg]&lt;br/&gt;
Exception in thread &amp;quot;main&amp;quot; java.lang.RuntimeException: VM Disconnected before requested event occurred&lt;br/&gt;
	at TestScaffold.waitForRequestedEvent(TestScaffold.java:794)&lt;br/&gt;
	at TestScaffold.resumeToPrepareOf(TestScaffold.java:939)&lt;br/&gt;
	at TestScaffold.resumeTo(TestScaffold.java:908)&lt;br/&gt;
	at TestScaffold.resumeTo(TestScaffold.java:900)&lt;br/&gt;
	at TestScaffold.startTo(TestScaffold.java:380)&lt;br/&gt;
	at TestScaffold.startToMain(TestScaffold.java:372)&lt;br/&gt;
	at BreakpointTest.runTests(BreakpointTest.java:129)&lt;br/&gt;
	at TestScaffold.startTests(TestScaffold.java:434)&lt;br/&gt;
	at BreakpointTest.main(BreakpointTest.java:82)&lt;br/&gt;
	at java.base/jdk.internal.reflect.DirectMethodHandleAccessor.invoke(DirectMethodHandleAccessor.java:103)&lt;br/&gt;
	at java.base/java.lang.reflect.Method.invoke(Method.java:578)&lt;br/&gt;
	at jdk.test.lib.process.ProcessTools.lambda$main$6(ProcessTools.java:901)&lt;br/&gt;
	at java.base/java.lang.VirtualThread.run(VirtualThread.java:311)&lt;br/&gt;
]&lt;br/&gt;
&amp;nbsp;exitValue = 1&lt;br/&gt;
&lt;br/&gt;
java.lang.RuntimeException: &amp;#39;Unable to use shared archive&amp;#39; missing from stdout/stderr&lt;br/&gt;
	at jdk.test.lib.process.OutputAnalyzer.shouldContain(OutputAnalyzer.java:221)&lt;br/&gt;
	at CDSJDITest.runTest(CDSJDITest.java:89)&lt;br/&gt;
	at CDSBreakpointTest.main(CDSBreakpointTest.java:57)&lt;br/&gt;
	at java.base/jdk.internal.reflect.DirectMethodHandleAccessor.invoke(DirectMethodHandleAccessor.java:103)&lt;br/&gt;
	at java.base/java.lang.reflect.Method.invoke(Method.java:578)&lt;br/&gt;
	at com.sun.javatest.regtest.agent.MainActionHelper$AgentVMRunnable.run(MainActionHelper.java:333)&lt;br/&gt;
	at java.base/java.lang.VirtualThread.run(VirtualThread.java:311)&lt;br/&gt;
&lt;br/&gt;
JavaTest Message: Test threw exception: java.lang.RuntimeException&lt;br/&gt;
JavaTest Message: shutting down test&lt;br/&gt;
&lt;br/&gt;
result: Failed. Execution failed: `main&amp;#39; threw exception: java.lang.RuntimeException: &amp;#39;Unable to use shared archive&amp;#39; missing from stdout/stderr&lt;br/&gt;
&lt;br/&gt;
&lt;br/&gt;
test result: Failed. Execution failed: `main&amp;#39; threw exception: java.lang.RuntimeException: &amp;#39;Unable to use shared archive&amp;#39; missing from stdout/stderr</description>
                <environment></environment>
        <key id="5100509">JDK-8307778</key>
            <summary>com/sun/jdi/cds tests fail with jtreg&apos;s Virtual test thread factory</summary>
                <type id="1" iconUrl="https://bugs.openjdk.org/secure/viewavatar?size=xsmall&amp;avatarId=14703&amp;avatarType=issuetype">Bug</type>
                                            <priority id="4" iconUrl="https://bugs.openjdk.org/images/jbsImages/p4.png">P4</priority>
                        <status id="5" iconUrl="https://bugs.openjdk.org/images/icons/statuses/resolved.png" description="A resolution has been taken, and it is awaiting verification by reporter. From here issues are either reopened, or are closed.">Resolved</status>
                    <statusCategory id="3" key="done" colorName="success"/>
                                    <resolution id="1">Fixed</resolution>
                                        <assignee username="jpai">Jaikiran Pai</assignee>
                                    <reporter username="lmesnik">Leonid Mesnik</reporter>
                        <labels>
                            <label>jdk21u-fix-request</label>
                            <label>jdk21u-fix-yes</label>
                            <label>loom</label>
                            <label>noreg-self</label>
                    </labels>
                <created>Tue, 9 May 2023 10:11:47 -0700</created>
                <updated>Fri, 11 Apr 2025 10:32:18 -0700</updated>
                            <resolved>Wed, 15 May 2024 22:44:20 -0700</resolved>
                                    <version>21</version>
                                    <fixVersion>23</fixVersion>
                                    <component>core-svc</component>
                        <due></due>
                            <votes>0</votes>
                                    <watches>5</watches>
                                                                                                                <comments>
                            <comment id="14683951" author="JIRAUSER20917" created="Sun, 23 Jun 2024 20:11:08 -0700"  >&lt;br/&gt;
Fix request [21u]&lt;br/&gt;
&lt;br/&gt;
I backport this for parity with 21.0.5-oracle.&lt;br/&gt;
No risk, only a test change.&lt;br/&gt;
Clean backport.&lt;br/&gt;
Test pass.  SAP nightly testing passed.</comment>
                            <comment id="14683578" author="roboduke" created="Fri, 21 Jun 2024 01:21:43 -0700"  >A pull request was submitted for review.&lt;br/&gt;
URL: &lt;a href=&quot;https://git.openjdk.org/jdk21u-dev/pull/776&quot;&gt;https://git.openjdk.org/jdk21u-dev/pull/776&lt;/a&gt;&lt;br/&gt;
Date: 2024-06-21 08:13:30 +0000</comment>
                            <comment id="14673814" author="dukebot" created="Wed, 15 May 2024 22:44:19 -0700"  >Changeset: fe8a2aff&lt;br/&gt;
Author:    Jaikiran Pai &amp;lt;&lt;a href=&apos;mailto:jpai@openjdk.org&apos;&gt;jpai@openjdk.org&lt;/a&gt;&amp;gt;&lt;br/&gt;
Date:      2024-05-16 05:42:38 +0000&lt;br/&gt;
URL:       &lt;a href=&quot;https://git.openjdk.org/jdk/commit/fe8a2aff3129b515c2a0f3ab96f5e3ad6cef7b70&quot;&gt;https://git.openjdk.org/jdk/commit/fe8a2aff3129b515c2a0f3ab96f5e3ad6cef7b70&lt;/a&gt;&lt;br/&gt;
</comment>
                            <comment id="14673480" author="roboduke" created="Tue, 14 May 2024 23:05:10 -0700"  >A pull request was submitted for review.&lt;br/&gt;
Branch: master&lt;br/&gt;
URL: &lt;a href=&quot;https://git.openjdk.org/jdk/pull/19244&quot;&gt;https://git.openjdk.org/jdk/pull/19244&lt;/a&gt;&lt;br/&gt;
Date: 2024-05-15 05:59:56 +0000</comment>
                            <comment id="14589042" author="cjplummer" created="Tue, 13 Jun 2023 11:00:05 -0700"  >[~lmesnik] Can you elaborate a bit more the root cause of this failure and explain what changed in &lt;a href=&quot;https://bugs.openjdk.org/browse/JDK-8307307&quot; title=&quot;Improve ProcessTools.java to don&amp;#39;t try to run Virtual wrapper for incompatible processes&quot; class=&quot;issue-link&quot; data-issue-key=&quot;JDK-8307307&quot;&gt;&lt;strike&gt;JDK-8307307&lt;/strike&gt;&lt;/a&gt; to cause it? I&amp;#39;m trying to determine if this is something that can be fixed, or if the tests are just inherently incompatible with the virtual thread test factory.</comment>
                            <comment id="14580279" author="lmesnik" created="Tue, 9 May 2023 10:14:01 -0700"  >The tests passed before 8307307 just before property that run Virtual Thread was not set into processTools.</comment>
                    </comments>
                <issuelinks>
                            <issuelinktype id="10200">
                    <name>Backport</name>
                                            <outwardlinks description="backported by">
                                        <issuelink>
            <issuekey id="5132233">JDK-8334589</issuekey>
        </issuelink>
            <issuelink>
            <issuekey id="5132497">JDK-8334828</issuekey>
        </issuelink>
                            </outwardlinks>
                                                        </issuelinktype>
                            <issuelinktype id="10003">
                    <name>Relates</name>
                                            <outwardlinks description="relates to">
                                        <issuelink>
            <issuekey id="5099959">JDK-8307307</issuekey>
        </issuelink>
            <issuelink>
            <issuekey id="5078278">JDK-8289546</issuekey>
        </issuelink>
                            </outwardlinks>
                                                                <inwardlinks description="relates to">
                                        <issuelink>
            <issuekey id="5073259">JDK-8285422</issuekey>
        </issuelink>
                            </inwardlinks>
                                    </issuelinktype>
                    </issuelinks>
                <attachments>
                    </attachments>
                <subtasks>
                    </subtasks>
                <customfields>
                                                                            <customfield id="customfield_11700" key="com.atlassian.jira.plugins.jira-development-integration-plugin:devsummary">
                        <customfieldname>Development</customfieldname>
                        <customfieldvalues>
                            
                        </customfieldvalues>
                    </customfield>
                                                                                                                        <customfield id="customfield_10600" key="com.oracle.jira.javabugsystem-jira-plugin:jbs-fixedBackportedCustomfield">
                        <customfieldname>Fixed</customfieldname>
                        <customfieldvalues>
                            
                        </customfieldvalues>
                    </customfield>
                                                                                                                                                                                                                                                                                                                                                                                    <customfield id="customfield_11100" key="com.pyxis.greenhopper.jira:gh-lexo-rank">
                        <customfieldname>Rank</customfieldname>
                        <customfieldvalues>
                            <customfieldvalue>0|i31g97:</customfieldvalue>

                        </customfieldvalues>
                    </customfield>
                                                                <customfield id="customfield_11004" key="com.pyxis.greenhopper.jira:gh-global-rank">
                        <customfieldname>Rank (Obsolete)</customfieldname>
                        <customfieldvalues>
                            <customfieldvalue>9223372036854775807</customfieldvalue>
                        </customfieldvalues>
                    </customfield>
                                                                                            <customfield id="customfield_10006" key="com.atlassian.jira.plugin.system.customfieldtypes:select">
                        <customfieldname>Resolved In Build</customfieldname>
                        <customfieldvalues>
                                <customfieldvalue key="17436"><![CDATA[b24]]></customfieldvalue>

                        </customfieldvalues>
                    </customfield>
                                                                                            <customfield id="customfield_10008" key="com.oracle.jira.jira-subcomponent-plugin:oracle-subComponentField">
                        <customfieldname>Subcomponent</customfieldname>
                        <customfieldvalues>
                             <customfieldvalue key="370"><![CDATA[debugger]]></customfieldvalue> 
                        </customfieldvalues>
                    </customfield>
                                                                                                                        <customfield id="customfield_10601" key="com.oracle.jira.javabugsystem-jira-plugin:jbs-targetBackportedCustomfield">
                        <customfieldname>Targeted</customfieldname>
                        <customfieldvalues>
                            
                        </customfieldvalues>
                    </customfield>
                                                                                                                                                    </customfields>
    </item>
</channel>
</rss>